build/app/outputs/mapping/release/mapping.txt
# compiler: R8
# compiler_version: 1.5.64
# min_api: 16
# pg_map_id: 3532f3b
...
com.google.android.gms.internal.firebase_messaging.zzm -> b.a.a.a.f.f.g:
    com.google.android.gms.internal.firebase_messaging.zzp zza -> a
    java.lang.Integer zza() -> a
    void zza(java.lang.Throwable,java.lang.Throwable) -> a
com.google.android.gms.internal.firebase_messaging.zzm$zza -> b.a.a.a.f.f.g$a:
    void zza(java.lang.Throwable,java.lang.Throwable) -> a
com.google.android.gms.internal.firebase_messaging.zzo -> b.a.a.a.f.f.h:
    java.util.concurrent.ConcurrentHashMap zza -> a
    java.lang.ref.ReferenceQueue zzb -> b
    java.util.List zza(java.lang.Throwable,boolean) -> a
com.google.android.gms.internal.firebase_messaging.zzp -> b.a.a.a.f.f.i:
    void zza(java.lang.Throwable,java.lang.Throwable) -> a
com.google.android.gms.internal.firebase_messaging.zzq -> b.a.a.a.f.f.j:
    com.google.android.gms.internal.firebase_messaging.zzo zza -> a
    void zza(java.lang.Throwable,java.lang.Throwable) -> a
com.google.android.gms.internal.firebase_messaging.zzr -> b.a.a.a.f.f.k:
    int zza -> a
com.google.android.gms.internal.firebase_messaging.zzs -> b.a.a.a.f.f.l:
    void zza(java.lang.Throwable,java.lang.Throwable) -> a
com.google.android.gms.internal.flags.zza -> b.a.a.a.f.g.a:
    android.os.IBinder zza -> a
    java.lang.String zzb -> b
    android.os.Parcel zza(int,android.os.Parcel) -> a
    void zzb(int,android.os.Parcel) -> b
    android.os.Parcel zza() -> f
com.google.android.gms.internal.flags.zzb -> b.a.a.a.f.g.b:
    boolean dispatchTransaction(int,android.os.Parcel,android.os.Parcel,int) -> a
com.google.android.gms.internal.flags.zzc -> b.a.a.a.f.g.c:
    void writeBoolean(android.os.Parcel,boolean) -> a
    void zza(android.os.Parcel,android.os.IInterface) -> a
    boolean zza(android.os.Parcel) -> a
com.google.android.gms.internal.flags.zze -> b.a.a.a.f.g.d:
    java.lang.Object zza(java.util.concurrent.Callable) -> a
com.google.android.gms.internal.location.zza -> b.a.a.a.f.h.a:
    android.os.IBinder zza -> a
    java.lang.String zzb -> b
    android.os.Parcel obtainAndWriteInterfaceToken() -> S
    android.os.Parcel transactAndReadException(int,android.os.Parcel) -> a
    void transactAndReadExceptionReturnVoid(int,android.os.Parcel) -> b
com.google.android.gms.internal.location.zzad -> b.a.a.a.f.h.b:
    com.google.android.gms.common.api.Status zzbl -> a
    com.google.android.gms.common.api.Status getStatus() -> y
com.google.android.gms.internal.location.zzae -> b.a.a.a.f.h.c:
com.google.android.gms.internal.location.zzaf -> b.a.a.a.f.h.d:
com.google.android.gms.internal.location.zzaj -> b.a.a.a.f.h.e:
    void zza(com.google.android.gms.internal.location.zzad) -> a
com.google.android.gms.internal.location.zzak -> b.a.a.a.f.h.f:
    boolean dispatchTransaction(int,android.os.Parcel,android.os.Parcel,int) -> a
com.google.android.gms.internal.location.zzal -> b.a.a.a.f.h.g:
com.google.android.gms.internal.location.zzao -> b.a.a.a.f.h.h:
    android.location.Location zza(java.lang.String) -> a
    void zza(com.google.android.gms.internal.location.zzbf) -> a
    void zza(com.google.android.gms.internal.location.zzo) -> a
    void zza(boolean) -> s
com.google.android.gms.internal.location.zzap -> b.a.a.a.f.h.i:
    android.location.Location zza(java.lang.String) -> a
    void zza(com.google.android.gms.internal.location.zzbf) -> a
    void zza(com.google.android.gms.internal.location.zzo) -> a
    void zza(boolean) -> s